========================================
  UDID 医疗器械智能查询系统
========================================

正在启动服务...

[1/4] 清理占用端口...
  ✓ 端口 8080 未被占用
  ✓ 端口 8888 未被占用

[2/4] 检查 Python 虚拟环境...
  ✓ 虚拟环境已激活

[3/4] 加载环境变量...
  ✓ 已加载 .env
  ✓ 数据库后端: postgres

[4/4] 启动主服务...
服务地址: http://localhost:8080
按 Ctrl+C 停止服务

==================================================
UDID 医疗器械查询系统 - 后端服务
==================================================
数据库路径: /Users/zhaozengqing/github/AI/test/高新医疗/udid_hybrid_lake.db
配置文件路径: /Users/zhaozengqing/github/AI/test/高新医疗/config.json
API 端点:
  GET  /api/stats    - 数据库统计
  GET  /api/search   - 搜索产品
  POST /api/upload   - 上传 XML
  POST /api/sync     - 同步数据
  POST /api/ai-match - AI 匹配
  GET/POST /api/config - 配置管理
==================================================
访问地址: http://localhost:8080
==================================================
 * Serving Flask app 'udid_server'
 * Debug mode: off
[31m[1mWARNING: This is a development server. Do not use it in a production deployment. Use a production WSGI server instead.[0m
 * Running on all addresses (0.0.0.0)
 * Running on http://127.0.0.1:8080
 * Running on http://198.18.0.1:8080
[33mPress CTRL+C to quit[0m
127.0.0.1 - - [02/Mar/2026 11:21:53] "GET /api/stats HTTP/1.1" 200 -
127.0.0.1 - - [02/Mar/2026 11:21:53] "POST /api/auth/login HTTP/1.1" 200 -
127.0.0.1 - - [02/Mar/2026 11:21:53] "GET /api/search?keyword=一次性注射器&page=1&page_size=10 HTTP/1.1" 200 -
127.0.0.1 - - [02/Mar/2026 11:21:53] "GET /api/search?keyword=一次性注射器&page=1&page_size=10 HTTP/1.1" 200 -
127.0.0.1 - - [02/Mar/2026 11:21:53] "GET /api/search?keyword=一次性注射器&page=1&page_size=10 HTTP/1.1" 200 -
127.0.0.1 - - [02/Mar/2026 11:21:53] "GET /api/search?keyword=一次性注射器&page=1&page_size=10 HTTP/1.1" 200 -
127.0.0.1 - - [02/Mar/2026 11:21:53] "GET /api/search?keyword=一次性注射器&page=1&page_size=10 HTTP/1.1" 200 -
127.0.0.1 - - [02/Mar/2026 11:21:53] "GET /api/search?keyword=一次性注射器&page=1&page_size=10 HTTP/1.1" 200 -
127.0.0.1 - - [02/Mar/2026 11:21:53] "GET /api/search?keyword=一次性注射器&page=1&page_size=10 HTTP/1.1" 200 -
127.0.0.1 - - [02/Mar/2026 11:21:53] "GET /api/search?keyword=一次性注射器&page=1&page_size=10 HTTP/1.1" 200 -
127.0.0.1 - - [02/Mar/2026 11:21:53] "GET /api/search?keyword=一次性注射器&page=1&page_size=10 HTTP/1.1" 200 -
127.0.0.1 - - [02/Mar/2026 11:21:53] "GET /api/search?keyword=一次性注射器&page=1&page_size=10 HTTP/1.1" 200 -
[2026-03-02 11:21:53,676] ERROR in app: Exception on /api/search [GET]
Traceback (most recent call last):
  File "/Users/zhaozengqing/github/AI/test/高新医疗/db_backend.py", line 341, in connect
    pg_conn = pool.getconn()
              ^^^^^^^^^^^^^^
  File "/Users/zhaozengqing/github/AI/test/高新医疗/venv/lib/python3.11/site-packages/psycopg2/pool.py", line 169, in getconn
    return self._getconn(key)
           ^^^^^^^^^^^^^^^^^^
  File "/Users/zhaozengqing/github/AI/test/高新医疗/venv/lib/python3.11/site-packages/psycopg2/pool.py", line 92, in _getconn
    raise PoolError("connection pool exhausted")
psycopg2.pool.PoolError: connection pool exhausted

During handling of the above exception, another exception occurred:

Traceback (most recent call last):
  File "/Users/zhaozengqing/github/AI/test/高新医疗/venv/lib/python3.11/site-packages/flask/app.py", line 1511, in wsgi_app
    response = self.full_dispatch_request()
               ^^^^^^^^^^^^^^^^^^^^^^^^^^^^
  File "/Users/zhaozengqing/github/AI/test/高新医疗/venv/lib/python3.11/site-packages/flask/app.py", line 919, in full_dispatch_request
    rv = self.handle_user_exception(e)
         ^^^^^^^^^^^^^^^^^^^^^^^^^^^^^
  File "/Users/zhaozengqing/github/AI/test/高新医疗/venv/lib/python3.11/site-packages/flask_cors/extension.py", line 176, in wrapped_function
    return cors_after_request(app.make_response(f(*args, **kwargs)))
                                                ^^^^^^^^^^^^^^^^^^
  File "/Users/zhaozengqing/github/AI/test/高新医疗/venv/lib/python3.11/site-packages/flask/app.py", line 917, in full_dispatch_request
    rv = self.dispatch_request()
         ^^^^^^^^^^^^^^^^^^^^^^^
  File "/Users/zhaozengqing/github/AI/test/高新医疗/venv/lib/python3.11/site-packages/flask/app.py", line 902, in dispatch_request
    return self.ensure_sync(self.view_functions[rule.endpoint])(**view_args)  # type: ignore[no-any-return]
           ^^^^^^^^^^^^^^^^^^^^^^^^^^^^^^^^^^^^^^^^^^^^^^^^^^^^^^^^^^^^^^^^^
  File "/Users/zhaozengqing/github/AI/test/高新医疗/udid_server.py", line 773, in search
    auth_error = _require_login()
                 ^^^^^^^^^^^^^^^^
  File "/Users/zhaozengqing/github/AI/test/高新医疗/udid_server.py", line 389, in _require_login
    user = _get_current_user()
           ^^^^^^^^^^^^^^^^^^^
  File "/Users/zhaozengqing/github/AI/test/高新医疗/udid_server.py", line 369, in _get_current_user
    cursor = data_lake.conn.cursor()
             ^^^^^^^^^^^^^^
  File "/Users/zhaozengqing/github/AI/test/高新医疗/udid_hybrid_system.py", line 30, in conn
    conn = db_connect(self.db_path, check_same_thread=False, timeout=10)
           ^^^^^^^^^^^^^^^^^^^^^^^^^^^^^^^^^^^^^^^^^^^^^^^^^^^^^^^^^^^^^
  File "/Users/zhaozengqing/github/AI/test/高新医疗/db_backend.py", line 345, in connect
    raise RuntimeError(f"连接 PostgreSQL 失败: {e}")
RuntimeError: 连接 PostgreSQL 失败: connection pool exhausted
127.0.0.1 - - [02/Mar/2026 11:21:53] "[35m[1mGET /api/search?keyword=一次性注射器&page=1&page_size=10 HTTP/1.1[0m" 500 -
127.0.0.1 - - [02/Mar/2026 11:21:53] "GET /api/search?keyword=一次性注射器&page=1&page_size=10 HTTP/1.1" 200 -
[2026-03-02 11:21:53,676] ERROR in app: Exception on /api/search [GET]
Traceback (most recent call last):
  File "/Users/zhaozengqing/github/AI/test/高新医疗/db_backend.py", line 341, in connect
    pg_conn = pool.getconn()
              ^^^^^^^^^^^^^^
  File "/Users/zhaozengqing/github/AI/test/高新医疗/venv/lib/python3.11/site-packages/psycopg2/pool.py", line 169, in getconn
    return self._getconn(key)
           ^^^^^^^^^^^^^^^^^^
  File "/Users/zhaozengqing/github/AI/test/高新医疗/venv/lib/python3.11/site-packages/psycopg2/pool.py", line 92, in _getconn
    raise PoolError("connection pool exhausted")
psycopg2.pool.PoolError: connection pool exhausted

During handling of the above exception, another exception occurred:

Traceback (most recent call last):
  File "/Users/zhaozengqing/github/AI/test/高新医疗/venv/lib/python3.11/site-packages/flask/app.py", line 1511, in wsgi_app
    response = self.full_dispatch_request()
               ^^^^^^^^^^^^^^^^^^^^^^^^^^^^
  File "/Users/zhaozengqing/github/AI/test/高新医疗/venv/lib/python3.11/site-packages/flask/app.py", line 919, in full_dispatch_request
    rv = self.handle_user_exception(e)
         ^^^^^^^^^^^^^^^^^^^^^^^^^^^^^
  File "/Users/zhaozengqing/github/AI/test/高新医疗/venv/lib/python3.11/site-packages/flask_cors/extension.py", line 176, in wrapped_function
    return cors_after_request(app.make_response(f(*args, **kwargs)))
                                                ^^^^^^^^^^^^^^^^^^
  File "/Users/zhaozengqing/github/AI/test/高新医疗/venv/lib/python3.11/site-packages/flask/app.py", line 917, in full_dispatch_request
    rv = self.dispatch_request()
         ^^^^^^^^^^^^^^^^^^^^^^^
  File "/Users/zhaozengqing/github/AI/test/高新医疗/venv/lib/python3.11/site-packages/flask/app.py", line 902, in dispatch_request
    return self.ensure_sync(self.view_functions[rule.endpoint])(**view_args)  # type: ignore[no-any-return]
           ^^^^^^^^^^^^^^^^^^^^^^^^^^^^^^^^^^^^^^^^^^^^^^^^^^^^^^^^^^^^^^^^^
  File "/Users/zhaozengqing/github/AI/test/高新医疗/udid_server.py", line 773, in search
    auth_error = _require_login()
                 ^^^^^^^^^^^^^^^^
  File "/Users/zhaozengqing/github/AI/test/高新医疗/udid_server.py", line 389, in _require_login
    user = _get_current_user()
           ^^^^^^^^^^^^^^^^^^^
  File "/Users/zhaozengqing/github/AI/test/高新医疗/udid_server.py", line 369, in _get_current_user
    cursor = data_lake.conn.cursor()
             ^^^^^^^^^^^^^^
  File "/Users/zhaozengqing/github/AI/test/高新医疗/udid_hybrid_system.py", line 30, in conn
    conn = db_connect(self.db_path, check_same_thread=False, timeout=10)
           ^^^^^^^^^^^^^^^^^^^^^^^^^^^^^^^^^^^^^^^^^^^^^^^^^^^^^^^^^^^^^
  File "/Users/zhaozengqing/github/AI/test/高新医疗/db_backend.py", line 345, in connect
    raise RuntimeError(f"连接 PostgreSQL 失败: {e}")
RuntimeError: 连接 PostgreSQL 失败: connection pool exhausted
127.0.0.1 - - [02/Mar/2026 11:21:53] "[35m[1mGET /api/search?keyword=一次性注射器&page=1&page_size=10 HTTP/1.1[0m" 500 -
[2026-03-02 11:21:53,676] ERROR in app: Exception on /api/search [GET]
Traceback (most recent call last):
  File "/Users/zhaozengqing/github/AI/test/高新医疗/db_backend.py", line 341, in connect
    pg_conn = pool.getconn()
              ^^^^^^^^^^^^^^
  File "/Users/zhaozengqing/github/AI/test/高新医疗/venv/lib/python3.11/site-packages/psycopg2/pool.py", line 169, in getconn
    return self._getconn(key)
           ^^^^^^^^^^^^^^^^^^
  File "/Users/zhaozengqing/github/AI/test/高新医疗/venv/lib/python3.11/site-packages/psycopg2/pool.py", line 92, in _getconn
    raise PoolError("connection pool exhausted")
psycopg2.pool.PoolError: connection pool exhausted

During handling of the above exception, another exception occurred:

Traceback (most recent call last):
  File "/Users/zhaozengqing/github/AI/test/高新医疗/venv/lib/python3.11/site-packages/flask/app.py", line 1511, in wsgi_app
    response = self.full_dispatch_request()
               ^^^^^^^^^^^^^^^^^^^^^^^^^^^^
  File "/Users/zhaozengqing/github/AI/test/高新医疗/venv/lib/python3.11/site-packages/flask/app.py", line 919, in full_dispatch_request
    rv = self.handle_user_exception(e)
         ^^^^^^^^^^^^^^^^^^^^^^^^^^^^^
  File "/Users/zhaozengqing/github/AI/test/高新医疗/venv/lib/python3.11/site-packages/flask_cors/extension.py", line 176, in wrapped_function
    return cors_after_request(app.make_response(f(*args, **kwargs)))
                                                ^^^^^^^^^^^^^^^^^^
  File "/Users/zhaozengqing/github/AI/test/高新医疗/venv/lib/python3.11/site-packages/flask/app.py", line 917, in full_dispatch_request
    rv = self.dispatch_request()
         ^^^^^^^^^^^^^^^^^^^^^^^
  File "/Users/zhaozengqing/github/AI/test/高新医疗/venv/lib/python3.11/site-packages/flask/app.py", line 902, in dispatch_request
    return self.ensure_sync(self.view_functions[rule.endpoint])(**view_args)  # type: ignore[no-any-return]
           ^^^^^^^^^^^^^^^^^^^^^^^^^^^^^^^^^^^^^^^^^^^^^^^^^^^^^^^^^^^^^^^^^
  File "/Users/zhaozengqing/github/AI/test/高新医疗/udid_server.py", line 773, in search
    auth_error = _require_login()
                 ^^^^^^^^^^^^^^^^
  File "/Users/zhaozengqing/github/AI/test/高新医疗/udid_server.py", line 389, in _require_login
    user = _get_current_user()
           ^^^^^^^^^^^^^^^^^^^
  File "/Users/zhaozengqing/github/AI/test/高新医疗/udid_server.py", line 369, in _get_current_user
    cursor = data_lake.conn.cursor()
             ^^^^^^^^^^^^^^
  File "/Users/zhaozengqing/github/AI/test/高新医疗/udid_hybrid_system.py", line 30, in conn
    conn = db_connect(self.db_path, check_same_thread=False, timeout=10)
           ^^^^^^^^^^^^^^^^^^^^^^^^^^^^^^^^^^^^^^^^^^^^^^^^^^^^^^^^^^^^^
  File "/Users/zhaozengqing/github/AI/test/高新医疗/db_backend.py", line 345, in connect
    raise RuntimeError(f"连接 PostgreSQL 失败: {e}")
RuntimeError: 连接 PostgreSQL 失败: connection pool exhausted
127.0.0.1 - - [02/Mar/2026 11:21:53] "[35m[1mGET /api/search?keyword=一次性注射器&page=1&page_size=10 HTTP/1.1[0m" 500 -
[2026-03-02 11:21:53,676] ERROR in app: Exception on /api/search [GET]
Traceback (most recent call last):
  File "/Users/zhaozengqing/github/AI/test/高新医疗/db_backend.py", line 341, in connect
    pg_conn = pool.getconn()
              ^^^^^^^^^^^^^^
  File "/Users/zhaozengqing/github/AI/test/高新医疗/venv/lib/python3.11/site-packages/psycopg2/pool.py", line 169, in getconn
    return self._getconn(key)
           ^^^^^^^^^^^^^^^^^^
  File "/Users/zhaozengqing/github/AI/test/高新医疗/venv/lib/python3.11/site-packages/psycopg2/pool.py", line 92, in _getconn
    raise PoolError("connection pool exhausted")
psycopg2.pool.PoolError: connection pool exhausted

During handling of the above exception, another exception occurred:

Traceback (most recent call last):
  File "/Users/zhaozengqing/github/AI/test/高新医疗/venv/lib/python3.11/site-packages/flask/app.py", line 1511, in wsgi_app
    response = self.full_dispatch_request()
               ^^^^^^^^^^^^^^^^^^^^^^^^^^^^
  File "/Users/zhaozengqing/github/AI/test/高新医疗/venv/lib/python3.11/site-packages/flask/app.py", line 919, in full_dispatch_request
    rv = self.handle_user_exception(e)
         ^^^^^^^^^^^^^^^^^^^^^^^^^^^^^
  File "/Users/zhaozengqing/github/AI/test/高新医疗/venv/lib/python3.11/site-packages/flask_cors/extension.py", line 176, in wrapped_function
    return cors_after_request(app.make_response(f(*args, **kwargs)))
                                                ^^^^^^^^^^^^^^^^^^
  File "/Users/zhaozengqing/github/AI/test/高新医疗/venv/lib/python3.11/site-packages/flask/app.py", line 917, in full_dispatch_request
    rv = self.dispatch_request()
         ^^^^^^^^^^^^^^^^^^^^^^^
  File "/Users/zhaozengqing/github/AI/test/高新医疗/venv/lib/python3.11/site-packages/flask/app.py", line 902, in dispatch_request
    return self.ensure_sync(self.view_functions[rule.endpoint])(**view_args)  # type: ignore[no-any-return]
           ^^^^^^^^^^^^^^^^^^^^^^^^^^^^^^^^^^^^^^^^^^^^^^^^^^^^^^^^^^^^^^^^^
  File "/Users/zhaozengqing/github/AI/test/高新医疗/udid_server.py", line 773, in search
    auth_error = _require_login()
                 ^^^^^^^^^^^^^^^^
  File "/Users/zhaozengqing/github/AI/test/高新医疗/udid_server.py", line 389, in _require_login
    user = _get_current_user()
           ^^^^^^^^^^^^^^^^^^^
  File "/Users/zhaozengqing/github/AI/test/高新医疗/udid_server.py", line 369, in _get_current_user
    cursor = data_lake.conn.cursor()
             ^^^^^^^^^^^^^^
  File "/Users/zhaozengqing/github/AI/test/高新医疗/udid_hybrid_system.py", line 30, in conn
    conn = db_connect(self.db_path, check_same_thread=False, timeout=10)
           ^^^^^^^^^^^^^^^^^^^^^^^^^^^^^^^^^^^^^^^^^^^^^^^^^^^^^^^^^^^^^
  File "/Users/zhaozengqing/github/AI/test/高新医疗/db_backend.py", line 345, in connect
    raise RuntimeError(f"连接 PostgreSQL 失败: {e}")
RuntimeError: 连接 PostgreSQL 失败: connection pool exhausted
127.0.0.1 - - [02/Mar/2026 11:21:53] "[35m[1mGET /api/search?keyword=一次性注射器&page=1&page_size=10 HTTP/1.1[0m" 500 -
[2026-03-02 11:21:53,676] ERROR in app: Exception on /api/search [GET]
Traceback (most recent call last):
  File "/Users/zhaozengqing/github/AI/test/高新医疗/db_backend.py", line 341, in connect
    pg_conn = pool.getconn()
              ^^^^^^^^^^^^^^
  File "/Users/zhaozengqing/github/AI/test/高新医疗/venv/lib/python3.11/site-packages/psycopg2/pool.py", line 169, in getconn
    return self._getconn(key)
           ^^^^^^^^^^^^^^^^^^
  File "/Users/zhaozengqing/github/AI/test/高新医疗/venv/lib/python3.11/site-packages/psycopg2/pool.py", line 92, in _getconn
    raise PoolError("connection pool exhausted")
psycopg2.pool.PoolError: connection pool exhausted

During handling of the above exception, another exception occurred:

Traceback (most recent call last):
  File "/Users/zhaozengqing/github/AI/test/高新医疗/venv/lib/python3.11/site-packages/flask/app.py", line 1511, in wsgi_app
    response = self.full_dispatch_request()
               ^^^^^^^^^^^^^^^^^^^^^^^^^^^^
  File "/Users/zhaozengqing/github/AI/test/高新医疗/venv/lib/python3.11/site-packages/flask/app.py", line 919, in full_dispatch_request
    rv = self.handle_user_exception(e)
         ^^^^^^^^^^^^^^^^^^^^^^^^^^^^^
  File "/Users/zhaozengqing/github/AI/test/高新医疗/venv/lib/python3.11/site-packages/flask_cors/extension.py", line 176, in wrapped_function
    return cors_after_request(app.make_response(f(*args, **kwargs)))
                                                ^^^^^^^^^^^^^^^^^^
  File "/Users/zhaozengqing/github/AI/test/高新医疗/venv/lib/python3.11/site-packages/flask/app.py", line 917, in full_dispatch_request
    rv = self.dispatch_request()
         ^^^^^^^^^^^^^^^^^^^^^^^
  File "/Users/zhaozengqing/github/AI/test/高新医疗/venv/lib/python3.11/site-packages/flask/app.py", line 902, in dispatch_request
    return self.ensure_sync(self.view_functions[rule.endpoint])(**view_args)  # type: ignore[no-any-return]
           ^^^^^^^^^^^^^^^^^^^^^^^^^^^^^^^^^^^^^^^^^^^^^^^^^^^^^^^^^^^^^^^^^
  File "/Users/zhaozengqing/github/AI/test/高新医疗/udid_server.py", line 773, in search
    auth_error = _require_login()
                 ^^^^^^^^^^^^^^^^
  File "/Users/zhaozengqing/github/AI/test/高新医疗/udid_server.py", line 389, in _require_login
    user = _get_current_user()
           ^^^^^^^^^^^^^^^^^^^
  File "/Users/zhaozengqing/github/AI/test/高新医疗/udid_server.py", line 369, in _get_current_user
    cursor = data_lake.conn.cursor()
             ^^^^^^^^^^^^^^
  File "/Users/zhaozengqing/github/AI/test/高新医疗/udid_hybrid_system.py", line 30, in conn
    conn = db_connect(self.db_path, check_same_thread=False, timeout=10)
           ^^^^^^^^^^^^^^^^^^^^^^^^^^^^^^^^^^^^^^^^^^^^^^^^^^^^^^^^^^^^^
  File "/Users/zhaozengqing/github/AI/test/高新医疗/db_backend.py", line 345, in connect
    raise RuntimeError(f"连接 PostgreSQL 失败: {e}")
RuntimeError: 连接 PostgreSQL 失败: connection pool exhausted
127.0.0.1 - - [02/Mar/2026 11:21:53] "[35m[1mGET /api/search?keyword=一次性注射器&page=1&page_size=10 HTTP/1.1[0m" 500 -
[2026-03-02 11:21:53,676] ERROR in app: Exception on /api/search [GET]
Traceback (most recent call last):
  File "/Users/zhaozengqing/github/AI/test/高新医疗/db_backend.py", line 341, in connect
    pg_conn = pool.getconn()
              ^^^^^^^^^^^^^^
  File "/Users/zhaozengqing/github/AI/test/高新医疗/venv/lib/python3.11/site-packages/psycopg2/pool.py", line 169, in getconn
    return self._getconn(key)
           ^^^^^^^^^^^^^^^^^^
  File "/Users/zhaozengqing/github/AI/test/高新医疗/venv/lib/python3.11/site-packages/psycopg2/pool.py", line 92, in _getconn
    raise PoolError("connection pool exhausted")
psycopg2.pool.PoolError: connection pool exhausted

During handling of the above exception, another exception occurred:

Traceback (most recent call last):
  File "/Users/zhaozengqing/github/AI/test/高新医疗/venv/lib/python3.11/site-packages/flask/app.py", line 1511, in wsgi_app
    response = self.full_dispatch_request()
               ^^^^^^^^^^^^^^^^^^^^^^^^^^^^
  File "/Users/zhaozengqing/github/AI/test/高新医疗/venv/lib/python3.11/site-packages/flask/app.py", line 919, in full_dispatch_request
    rv = self.handle_user_exception(e)
         ^^^^^^^^^^^^^^^^^^^^^^^^^^^^^
  File "/Users/zhaozengqing/github/AI/test/高新医疗/venv/lib/python3.11/site-packages/flask_cors/extension.py", line 176, in wrapped_function
    return cors_after_request(app.make_response(f(*args, **kwargs)))
                                                ^^^^^^^^^^^^^^^^^^
  File "/Users/zhaozengqing/github/AI/test/高新医疗/venv/lib/python3.11/site-packages/flask/app.py", line 917, in full_dispatch_request
    rv = self.dispatch_request()
         ^^^^^^^^^^^^^^^^^^^^^^^
  File "/Users/zhaozengqing/github/AI/test/高新医疗/venv/lib/python3.11/site-packages/flask/app.py", line 902, in dispatch_request
    return self.ensure_sync(self.view_functions[rule.endpoint])(**view_args)  # type: ignore[no-any-return]
           ^^^^^^^^^^^^^^^^^^^^^^^^^^^^^^^^^^^^^^^^^^^^^^^^^^^^^^^^^^^^^^^^^
  File "/Users/zhaozengqing/github/AI/test/高新医疗/udid_server.py", line 773, in search
    auth_error = _require_login()
                 ^^^^^^^^^^^^^^^^
  File "/Users/zhaozengqing/github/AI/test/高新医疗/udid_server.py", line 389, in _require_login
    user = _get_current_user()
           ^^^^^^^^^^^^^^^^^^^
  File "/Users/zhaozengqing/github/AI/test/高新医疗/udid_server.py", line 369, in _get_current_user
    cursor = data_lake.conn.cursor()
             ^^^^^^^^^^^^^^
  File "/Users/zhaozengqing/github/AI/test/高新医疗/udid_hybrid_system.py", line 30, in conn
    conn = db_connect(self.db_path, check_same_thread=False, timeout=10)
           ^^^^^^^^^^^^^^^^^^^^^^^^^^^^^^^^^^^^^^^^^^^^^^^^^^^^^^^^^^^^^
  File "/Users/zhaozengqing/github/AI/test/高新医疗/db_backend.py", line 345, in connect
    raise RuntimeError(f"连接 PostgreSQL 失败: {e}")
RuntimeError: 连接 PostgreSQL 失败: connection pool exhausted
127.0.0.1 - - [02/Mar/2026 11:21:53] "[35m[1mGET /api/search?keyword=一次性注射器&page=1&page_size=10 HTTP/1.1[0m" 500 -
[2026-03-02 11:21:53,676] ERROR in app: Exception on /api/search [GET]
Traceback (most recent call last):
  File "/Users/zhaozengqing/github/AI/test/高新医疗/db_backend.py", line 341, in connect
    pg_conn = pool.getconn()
              ^^^^^^^^^^^^^^
  File "/Users/zhaozengqing/github/AI/test/高新医疗/venv/lib/python3.11/site-packages/psycopg2/pool.py", line 169, in getconn
    return self._getconn(key)
           ^^^^^^^^^^^^^^^^^^
  File "/Users/zhaozengqing/github/AI/test/高新医疗/venv/lib/python3.11/site-packages/psycopg2/pool.py", line 92, in _getconn
    raise PoolError("connection pool exhausted")
psycopg2.pool.PoolError: connection pool exhausted

During handling of the above exception, another exception occurred:

Traceback (most recent call last):
  File "/Users/zhaozengqing/github/AI/test/高新医疗/venv/lib/python3.11/site-packages/flask/app.py", line 1511, in wsgi_app
    response = self.full_dispatch_request()
               ^^^^^^^^^^^^^^^^^^^^^^^^^^^^
  File "/Users/zhaozengqing/github/AI/test/高新医疗/venv/lib/python3.11/site-packages/flask/app.py", line 919, in full_dispatch_request
    rv = self.handle_user_exception(e)
         ^^^^^^^^^^^^^^^^^^^^^^^^^^^^^
  File "/Users/zhaozengqing/github/AI/test/高新医疗/venv/lib/python3.11/site-packages/flask_cors/extension.py", line 176, in wrapped_function
    return cors_after_request(app.make_response(f(*args, **kwargs)))
                                                ^^^^^^^^^^^^^^^^^^
  File "/Users/zhaozengqing/github/AI/test/高新医疗/venv/lib/python3.11/site-packages/flask/app.py", line 917, in full_dispatch_request
    rv = self.dispatch_request()
         ^^^^^^^^^^^^^^^^^^^^^^^
  File "/Users/zhaozengqing/github/AI/test/高新医疗/venv/lib/python3.11/site-packages/flask/app.py", line 902, in dispatch_request
    return self.ensure_sync(self.view_functions[rule.endpoint])(**view_args)  # type: ignore[no-any-return]
           ^^^^^^^^^^^^^^^^^^^^^^^^^^^^^^^^^^^^^^^^^^^^^^^^^^^^^^^^^^^^^^^^^
  File "/Users/zhaozengqing/github/AI/test/高新医疗/udid_server.py", line 773, in search
    auth_error = _require_login()
                 ^^^^^^^^^^^^^^^^
  File "/Users/zhaozengqing/github/AI/test/高新医疗/udid_server.py", line 389, in _require_login
    user = _get_current_user()
           ^^^^^^^^^^^^^^^^^^^
  File "/Users/zhaozengqing/github/AI/test/高新医疗/udid_server.py", line 369, in _get_current_user
    cursor = data_lake.conn.cursor()
             ^^^^^^^^^^^^^^
  File "/Users/zhaozengqing/github/AI/test/高新医疗/udid_hybrid_system.py", line 30, in conn
    conn = db_connect(self.db_path, check_same_thread=False, timeout=10)
           ^^^^^^^^^^^^^^^^^^^^^^^^^^^^^^^^^^^^^^^^^^^^^^^^^^^^^^^^^^^^^
  File "/Users/zhaozengqing/github/AI/test/高新医疗/db_backend.py", line 345, in connect
    raise RuntimeError(f"连接 PostgreSQL 失败: {e}")
RuntimeError: 连接 PostgreSQL 失败: connection pool exhausted
127.0.0.1 - - [02/Mar/2026 11:21:53] "[35m[1mGET /api/search?keyword=一次性注射器&page=1&page_size=10 HTTP/1.1[0m" 500 -
[2026-03-02 11:21:53,676] ERROR in app: Exception on /api/search [GET]
Traceback (most recent call last):
  File "/Users/zhaozengqing/github/AI/test/高新医疗/db_backend.py", line 341, in connect
    pg_conn = pool.getconn()
              ^^^^^^^^^^^^^^
  File "/Users/zhaozengqing/github/AI/test/高新医疗/venv/lib/python3.11/site-packages/psycopg2/pool.py", line 169, in getconn
    return self._getconn(key)
           ^^^^^^^^^^^^^^^^^^
  File "/Users/zhaozengqing/github/AI/test/高新医疗/venv/lib/python3.11/site-packages/psycopg2/pool.py", line 92, in _getconn
    raise PoolError("connection pool exhausted")
psycopg2.pool.PoolError: connection pool exhausted

During handling of the above exception, another exception occurred:

Traceback (most recent call last):
  File "/Users/zhaozengqing/github/AI/test/高新医疗/venv/lib/python3.11/site-packages/flask/app.py", line 1511, in wsgi_app
    response = self.full_dispatch_request()
               ^^^^^^^^^^^^^^^^^^^^^^^^^^^^
  File "/Users/zhaozengqing/github/AI/test/高新医疗/venv/lib/python3.11/site-packages/flask/app.py", line 919, in full_dispatch_request
    rv = self.handle_user_exception(e)
         ^^^^^^^^^^^^^^^^^^^^^^^^^^^^^
  File "/Users/zhaozengqing/github/AI/test/高新医疗/venv/lib/python3.11/site-packages/flask_cors/extension.py", line 176, in wrapped_function
    return cors_after_request(app.make_response(f(*args, **kwargs)))
                                                ^^^^^^^^^^^^^^^^^^
  File "/Users/zhaozengqing/github/AI/test/高新医疗/venv/lib/python3.11/site-packages/flask/app.py", line 917, in full_dispatch_request
    rv = self.dispatch_request()
         ^^^^^^^^^^^^^^^^^^^^^^^
  File "/Users/zhaozengqing/github/AI/test/高新医疗/venv/lib/python3.11/site-packages/flask/app.py", line 902, in dispatch_request
    return self.ensure_sync(self.view_functions[rule.endpoint])(**view_args)  # type: ignore[no-any-return]
           ^^^^^^^^^^^^^^^^^^^^^^^^^^^^^^^^^^^^^^^^^^^^^^^^^^^^^^^^^^^^^^^^^
  File "/Users/zhaozengqing/github/AI/test/高新医疗/udid_server.py", line 773, in search
    auth_error = _require_login()
                 ^^^^^^^^^^^^^^^^
  File "/Users/zhaozengqing/github/AI/test/高新医疗/udid_server.py", line 389, in _require_login
    user = _get_current_user()
           ^^^^^^^^^^^^^^^^^^^
  File "/Users/zhaozengqing/github/AI/test/高新医疗/udid_server.py", line 369, in _get_current_user
    cursor = data_lake.conn.cursor()
             ^^^^^^^^^^^^^^
  File "/Users/zhaozengqing/github/AI/test/高新医疗/udid_hybrid_system.py", line 30, in conn
    conn = db_connect(self.db_path, check_same_thread=False, timeout=10)
           ^^^^^^^^^^^^^^^^^^^^^^^^^^^^^^^^^^^^^^^^^^^^^^^^^^^^^^^^^^^^^
  File "/Users/zhaozengqing/github/AI/test/高新医疗/db_backend.py", line 345, in connect
    raise RuntimeError(f"连接 PostgreSQL 失败: {e}")
RuntimeError: 连接 PostgreSQL 失败: connection pool exhausted
127.0.0.1 - - [02/Mar/2026 11:21:53] "[35m[1mGET /api/search?keyword=一次性注射器&page=1&page_size=10 HTTP/1.1[0m" 500 -
[2026-03-02 11:21:53,676] ERROR in app: Exception on /api/search [GET]
Traceback (most recent call last):
  File "/Users/zhaozengqing/github/AI/test/高新医疗/db_backend.py", line 341, in connect
    pg_conn = pool.getconn()
              ^^^^^^^^^^^^^^
  File "/Users/zhaozengqing/github/AI/test/高新医疗/venv/lib/python3.11/site-packages/psycopg2/pool.py", line 169, in getconn
    return self._getconn(key)
           ^^^^^^^^^^^^^^^^^^
  File "/Users/zhaozengqing/github/AI/test/高新医疗/venv/lib/python3.11/site-packages/psycopg2/pool.py", line 92, in _getconn
    raise PoolError("connection pool exhausted")
psycopg2.pool.PoolError: connection pool exhausted

During handling of the above exception, another exception occurred:

Traceback (most recent call last):
  File "/Users/zhaozengqing/github/AI/test/高新医疗/venv/lib/python3.11/site-packages/flask/app.py", line 1511, in wsgi_app
    response = self.full_dispatch_request()
               ^^^^^^^^^^^^^^^^^^^^^^^^^^^^
  File "/Users/zhaozengqing/github/AI/test/高新医疗/venv/lib/python3.11/site-packages/flask/app.py", line 919, in full_dispatch_request
    rv = self.handle_user_exception(e)
         ^^^^^^^^^^^^^^^^^^^^^^^^^^^^^
  File "/Users/zhaozengqing/github/AI/test/高新医疗/venv/lib/python3.11/site-packages/flask_cors/extension.py", line 176, in wrapped_function
    return cors_after_request(app.make_response(f(*args, **kwargs)))
                                                ^^^^^^^^^^^^^^^^^^
  File "/Users/zhaozengqing/github/AI/test/高新医疗/venv/lib/python3.11/site-packages/flask/app.py", line 917, in full_dispatch_request
    rv = self.dispatch_request()
         ^^^^^^^^^^^^^^^^^^^^^^^
  File "/Users/zhaozengqing/github/AI/test/高新医疗/venv/lib/python3.11/site-packages/flask/app.py", line 902, in dispatch_request
    return self.ensure_sync(self.view_functions[rule.endpoint])(**view_args)  # type: ignore[no-any-return]
           ^^^^^^^^^^^^^^^^^^^^^^^^^^^^^^^^^^^^^^^^^^^^^^^^^^^^^^^^^^^^^^^^^
  File "/Users/zhaozengqing/github/AI/test/高新医疗/udid_server.py", line 773, in search
    auth_error = _require_login()
                 ^^^^^^^^^^^^^^^^
  File "/Users/zhaozengqing/github/AI/test/高新医疗/udid_server.py", line 389, in _require_login
    user = _get_current_user()
           ^^^^^^^^^^^^^^^^^^^
  File "/Users/zhaozengqing/github/AI/test/高新医疗/udid_server.py", line 369, in _get_current_user
    cursor = data_lake.conn.cursor()
             ^^^^^^^^^^^^^^
  File "/Users/zhaozengqing/github/AI/test/高新医疗/udid_hybrid_system.py", line 30, in conn
    conn = db_connect(self.db_path, check_same_thread=False, timeout=10)
           ^^^^^^^^^^^^^^^^^^^^^^^^^^^^^^^^^^^^^^^^^^^^^^^^^^^^^^^^^^^^^
  File "/Users/zhaozengqing/github/AI/test/高新医疗/db_backend.py", line 345, in connect
    raise RuntimeError(f"连接 PostgreSQL 失败: {e}")
RuntimeError: 连接 PostgreSQL 失败: connection pool exhausted
127.0.0.1 - - [02/Mar/2026 11:21:53] "[35m[1mGET /api/search?keyword=一次性注射器&page=1&page_size=10 HTTP/1.1[0m" 500 -
127.0.0.1 - - [02/Mar/2026 11:21:53] "GET /api/search?keyword=一次性注射器&page=1&page_size=10 HTTP/1.1" 200 -
127.0.0.1 - - [02/Mar/2026 11:21:53] "GET /api/search?keyword=一次性注射器&page=1&page_size=10 HTTP/1.1" 200 -
[2026-03-02 11:21:53,700] ERROR in app: Exception on /api/search [GET]
Traceback (most recent call last):
  File "/Users/zhaozengqing/github/AI/test/高新医疗/db_backend.py", line 341, in connect
    pg_conn = pool.getconn()
              ^^^^^^^^^^^^^^
  File "/Users/zhaozengqing/github/AI/test/高新医疗/venv/lib/python3.11/site-packages/psycopg2/pool.py", line 169, in getconn
    return self._getconn(key)
           ^^^^^^^^^^^^^^^^^^
  File "/Users/zhaozengqing/github/AI/test/高新医疗/venv/lib/python3.11/site-packages/psycopg2/pool.py", line 92, in _getconn
    raise PoolError("connection pool exhausted")
psycopg2.pool.PoolError: connection pool exhausted

During handling of the above exception, another exception occurred:

Traceback (most recent call last):
  File "/Users/zhaozengqing/github/AI/test/高新医疗/venv/lib/python3.11/site-packages/flask/app.py", line 1511, in wsgi_app
    response = self.full_dispatch_request()
               ^^^^^^^^^^^^^^^^^^^^^^^^^^^^
  File "/Users/zhaozengqing/github/AI/test/高新医疗/venv/lib/python3.11/site-packages/flask/app.py", line 919, in full_dispatch_request
    rv = self.handle_user_exception(e)
         ^^^^^^^^^^^^^^^^^^^^^^^^^^^^^
  File "/Users/zhaozengqing/github/AI/test/高新医疗/venv/lib/python3.11/site-packages/flask_cors/extension.py", line 176, in wrapped_function
    return cors_after_request(app.make_response(f(*args, **kwargs)))
                                                ^^^^^^^^^^^^^^^^^^
  File "/Users/zhaozengqing/github/AI/test/高新医疗/venv/lib/python3.11/site-packages/flask/app.py", line 917, in full_dispatch_request
    rv = self.dispatch_request()
         ^^^^^^^^^^^^^^^^^^^^^^^
  File "/Users/zhaozengqing/github/AI/test/高新医疗/venv/lib/python3.11/site-packages/flask/app.py", line 902, in dispatch_request
    return self.ensure_sync(self.view_functions[rule.endpoint])(**view_args)  # type: ignore[no-any-return]
           ^^^^^^^^^^^^^^^^^^^^^^^^^^^^^^^^^^^^^^^^^^^^^^^^^^^^^^^^^^^^^^^^^
  File "/Users/zhaozengqing/github/AI/test/高新医疗/udid_server.py", line 773, in search
    auth_error = _require_login()
                 ^^^^^^^^^^^^^^^^
  File "/Users/zhaozengqing/github/AI/test/高新医疗/udid_server.py", line 389, in _require_login
    user = _get_current_user()
           ^^^^^^^^^^^^^^^^^^^
  File "/Users/zhaozengqing/github/AI/test/高新医疗/udid_server.py", line 369, in _get_current_user
    cursor = data_lake.conn.cursor()
             ^^^^^^^^^^^^^^
  File "/Users/zhaozengqing/github/AI/test/高新医疗/udid_hybrid_system.py", line 30, in conn
    conn = db_connect(self.db_path, check_same_thread=False, timeout=10)
           ^^^^^^^^^^^^^^^^^^^^^^^^^^^^^^^^^^^^^^^^^^^^^^^^^^^^^^^^^^^^^
  File "/Users/zhaozengqing/github/AI/test/高新医疗/db_backend.py", line 345, in connect
    raise RuntimeError(f"连接 PostgreSQL 失败: {e}")
RuntimeError: 连接 PostgreSQL 失败: connection pool exhausted
127.0.0.1 - - [02/Mar/2026 11:21:53] "[35m[1mGET /api/search?keyword=一次性注射器&page=1&page_size=10 HTTP/1.1[0m" 500 -
127.0.0.1 - - [02/Mar/2026 11:21:53] "GET /api/search?keyword=一次性注射器&page=1&page_size=10 HTTP/1.1" 200 -
[2026-03-02 11:21:53,701] ERROR in app: Exception on /api/search [GET]
Traceback (most recent call last):
  File "/Users/zhaozengqing/github/AI/test/高新医疗/db_backend.py", line 341, in connect
    pg_conn = pool.getconn()
              ^^^^^^^^^^^^^^
  File "/Users/zhaozengqing/github/AI/test/高新医疗/venv/lib/python3.11/site-packages/psycopg2/pool.py", line 169, in getconn
    return self._getconn(key)
           ^^^^^^^^^^^^^^^^^^
  File "/Users/zhaozengqing/github/AI/test/高新医疗/venv/lib/python3.11/site-packages/psycopg2/pool.py", line 92, in _getconn
    raise PoolError("connection pool exhausted")
psycopg2.pool.PoolError: connection pool exhausted

During handling of the above exception, another exception occurred:

Traceback (most recent call last):
  File "/Users/zhaozengqing/github/AI/test/高新医疗/venv/lib/python3.11/site-packages/flask/app.py", line 1511, in wsgi_app
    response = self.full_dispatch_request()
               ^^^^^^^^^^^^^^^^^^^^^^^^^^^^
  File "/Users/zhaozengqing/github/AI/test/高新医疗/venv/lib/python3.11/site-packages/flask/app.py", line 919, in full_dispatch_request
    rv = self.handle_user_exception(e)
         ^^^^^^^^^^^^^^^^^^^^^^^^^^^^^
  File "/Users/zhaozengqing/github/AI/test/高新医疗/venv/lib/python3.11/site-packages/flask_cors/extension.py", line 176, in wrapped_function
    return cors_after_request(app.make_response(f(*args, **kwargs)))
                                                ^^^^^^^^^^^^^^^^^^
  File "/Users/zhaozengqing/github/AI/test/高新医疗/venv/lib/python3.11/site-packages/flask/app.py", line 917, in full_dispatch_request
    rv = self.dispatch_request()
         ^^^^^^^^^^^^^^^^^^^^^^^
  File "/Users/zhaozengqing/github/AI/test/高新医疗/venv/lib/python3.11/site-packages/flask/app.py", line 902, in dispatch_request
    return self.ensure_sync(self.view_functions[rule.endpoint])(**view_args)  # type: ignore[no-any-return]
           ^^^^^^^^^^^^^^^^^^^^^^^^^^^^^^^^^^^^^^^^^^^^^^^^^^^^^^^^^^^^^^^^^
  File "/Users/zhaozengqing/github/AI/test/高新医疗/udid_server.py", line 773, in search
    auth_error = _require_login()
                 ^^^^^^^^^^^^^^^^
  File "/Users/zhaozengqing/github/AI/test/高新医疗/udid_server.py", line 389, in _require_login
    user = _get_current_user()
           ^^^^^^^^^^^^^^^^^^^
  File "/Users/zhaozengqing/github/AI/test/高新医疗/udid_server.py", line 369, in _get_current_user
    cursor = data_lake.conn.cursor()
             ^^^^^^^^^^^^^^
  File "/Users/zhaozengqing/github/AI/test/高新医疗/udid_hybrid_system.py", line 30, in conn
    conn = db_connect(self.db_path, check_same_thread=False, timeout=10)
           ^^^^^^^^^^^^^^^^^^^^^^^^^^^^^^^^^^^^^^^^^^^^^^^^^^^^^^^^^^^^^
  File "/Users/zhaozengqing/github/AI/test/高新医疗/db_backend.py", line 345, in connect
    raise RuntimeError(f"连接 PostgreSQL 失败: {e}")
RuntimeError: 连接 PostgreSQL 失败: connection pool exhausted
127.0.0.1 - - [02/Mar/2026 11:21:53] "GET /api/search?keyword=一次性注射器&page=1&page_size=10 HTTP/1.1" 200 -
127.0.0.1 - - [02/Mar/2026 11:21:53] "GET /api/search?keyword=一次性注射器&page=1&page_size=10 HTTP/1.1" 200 -
[2026-03-02 11:21:53,701] ERROR in app: Exception on /api/search [GET]
Traceback (most recent call last):
  File "/Users/zhaozengqing/github/AI/test/高新医疗/db_backend.py", line 341, in connect
    pg_conn = pool.getconn()
              ^^^^^^^^^^^^^^
  File "/Users/zhaozengqing/github/AI/test/高新医疗/venv/lib/python3.11/site-packages/psycopg2/pool.py", line 169, in getconn
    return self._getconn(key)
           ^^^^^^^^^^^^^^^^^^
  File "/Users/zhaozengqing/github/AI/test/高新医疗/venv/lib/python3.11/site-packages/psycopg2/pool.py", line 92, in _getconn
    raise PoolError("connection pool exhausted")
psycopg2.pool.PoolError: connection pool exhausted

During handling of the above exception, another exception occurred:

Traceback (most recent call last):
  File "/Users/zhaozengqing/github/AI/test/高新医疗/venv/lib/python3.11/site-packages/flask/app.py", line 1511, in wsgi_app
    response = self.full_dispatch_request()
               ^^^^^^^^^^^^^^^^^^^^^^^^^^^^
  File "/Users/zhaozengqing/github/AI/test/高新医疗/venv/lib/python3.11/site-packages/flask/app.py", line 919, in full_dispatch_request
    rv = self.handle_user_exception(e)
         ^^^^^^^^^^^^^^^^^^^^^^^^^^^^^
  File "/Users/zhaozengqing/github/AI/test/高新医疗/venv/lib/python3.11/site-packages/flask_cors/extension.py", line 176, in wrapped_function
    return cors_after_request(app.make_response(f(*args, **kwargs)))
                                                ^^^^^^^^^^^^^^^^^^
  File "/Users/zhaozengqing/github/AI/test/高新医疗/venv/lib/python3.11/site-packages/flask/app.py", line 917, in full_dispatch_request
    rv = self.dispatch_request()
         ^^^^^^^^^^^^^^^^^^^^^^^
  File "/Users/zhaozengqing/github/AI/test/高新医疗/venv/lib/python3.11/site-packages/flask/app.py", line 902, in dispatch_request
    return self.ensure_sync(self.view_functions[rule.endpoint])(**view_args)  # type: ignore[no-any-return]
           ^^^^^^^^^^^^^^^^^^^^^^^^^^^^^^^^^^^^^^^^^^^^^^^^^^^^^^^^^^^^^^^^^
  File "/Users/zhaozengqing/github/AI/test/高新医疗/udid_server.py", line 773, in search
    auth_error = _require_login()
                 ^^^^^^^^^^^^^^^^
  File "/Users/zhaozengqing/github/AI/test/高新医疗/udid_server.py", line 389, in _require_login
    user = _get_current_user()
           ^^^^^^^^^^^^^^^^^^^
  File "/Users/zhaozengqing/github/AI/test/高新医疗/udid_server.py", line 369, in _get_current_user
    cursor = data_lake.conn.cursor()
             ^^^^^^^^^^^^^^
  File "/Users/zhaozengqing/github/AI/test/高新医疗/udid_hybrid_system.py", line 30, in conn
    conn = db_connect(self.db_path, check_same_thread=False, timeout=10)
           ^^^^^^^^^^^^^^^^^^^^^^^^^^^^^^^^^^^^^^^^^^^^^^^^^^^^^^^^^^^^^
  File "/Users/zhaozengqing/github/AI/test/高新医疗/db_backend.py", line 345, in connect
    raise RuntimeError(f"连接 PostgreSQL 失败: {e}")
RuntimeError: 连接 PostgreSQL 失败: connection pool exhausted
127.0.0.1 - - [02/Mar/2026 11:21:53] "GET /api/search?keyword=一次性注射器&page=1&page_size=10 HTTP/1.1" 200 -
127.0.0.1 - - [02/Mar/2026 11:21:53] "GET /api/search?keyword=一次性注射器&page=1&page_size=10 HTTP/1.1" 200 -
[2026-03-02 11:21:53,701] ERROR in app: Exception on /api/search [GET]
Traceback (most recent call last):
  File "/Users/zhaozengqing/github/AI/test/高新医疗/db_backend.py", line 341, in connect
    pg_conn = pool.getconn()
              ^^^^^^^^^^^^^^
  File "/Users/zhaozengqing/github/AI/test/高新医疗/venv/lib/python3.11/site-packages/psycopg2/pool.py", line 169, in getconn
    return self._getconn(key)
           ^^^^^^^^^^^^^^^^^^
  File "/Users/zhaozengqing/github/AI/test/高新医疗/venv/lib/python3.11/site-packages/psycopg2/pool.py", line 92, in _getconn
    raise PoolError("connection pool exhausted")
psycopg2.pool.PoolError: connection pool exhausted

During handling of the above exception, another exception occurred:

Traceback (most recent call last):
  File "/Users/zhaozengqing/github/AI/test/高新医疗/venv/lib/python3.11/site-packages/flask/app.py", line 1511, in wsgi_app
    response = self.full_dispatch_request()
               ^^^^^^^^^^^^^^^^^^^^^^^^^^^^
  File "/Users/zhaozengqing/github/AI/test/高新医疗/venv/lib/python3.11/site-packages/flask/app.py", line 919, in full_dispatch_request
    rv = self.handle_user_exception(e)
         ^^^^^^^^^^^^^^^^^^^^^^^^^^^^^
  File "/Users/zhaozengqing/github/AI/test/高新医疗/venv/lib/python3.11/site-packages/flask_cors/extension.py", line 176, in wrapped_function
    return cors_after_request(app.make_response(f(*args, **kwargs)))
                                                ^^^^^^^^^^^^^^^^^^
  File "/Users/zhaozengqing/github/AI/test/高新医疗/venv/lib/python3.11/site-packages/flask/app.py", line 917, in full_dispatch_request
    rv = self.dispatch_request()
         ^^^^^^^^^^^^^^^^^^^^^^^
  File "/Users/zhaozengqing/github/AI/test/高新医疗/venv/lib/python3.11/site-packages/flask/app.py", line 902, in dispatch_request
    return self.ensure_sync(self.view_functions[rule.endpoint])(**view_args)  # type: ignore[no-any-return]
           ^^^^^^^^^^^^^^^^^^^^^^^^^^^^^^^^^^^^^^^^^^^^^^^^^^^^^^^^^^^^^^^^^
  File "/Users/zhaozengqing/github/AI/test/高新医疗/udid_server.py", line 773, in search
    auth_error = _require_login()
                 ^^^^^^^^^^^^^^^^
  File "/Users/zhaozengqing/github/AI/test/高新医疗/udid_server.py", line 389, in _require_login
    user = _get_current_user()
           ^^^^^^^^^^^^^^^^^^^
  File "/Users/zhaozengqing/github/AI/test/高新医疗/udid_server.py", line 369, in _get_current_user
    cursor = data_lake.conn.cursor()
             ^^^^^^^^^^^^^^
  File "/Users/zhaozengqing/github/AI/test/高新医疗/udid_hybrid_system.py", line 30, in conn
    conn = db_connect(self.db_path, check_same_thread=False, timeout=10)
           ^^^^^^^^^^^^^^^^^^^^^^^^^^^^^^^^^^^^^^^^^^^^^^^^^^^^^^^^^^^^^
  File "/Users/zhaozengqing/github/AI/test/高新医疗/db_backend.py", line 345, in connect
    raise RuntimeError(f"连接 PostgreSQL 失败: {e}")
RuntimeError: 连接 PostgreSQL 失败: connection pool exhausted
127.0.0.1 - - [02/Mar/2026 11:21:53] "GET /api/search?keyword=一次性注射器&page=1&page_size=10 HTTP/1.1" 200 -
127.0.0.1 - - [02/Mar/2026 11:21:53] "GET /api/search?keyword=一次性注射器&page=1&page_size=10 HTTP/1.1" 200 -
127.0.0.1 - - [02/Mar/2026 11:21:53] "GET /api/search?keyword=一次性注射器&page=1&page_size=10 HTTP/1.1" 200 -
127.0.0.1 - - [02/Mar/2026 11:21:53] "[35m[1mGET /api/search?keyword=一次性注射器&page=1&page_size=10 HTTP/1.1[0m" 500 -
[2026-03-02 11:21:53,701] ERROR in app: Exception on /api/search [GET]
Traceback (most recent call last):
  File "/Users/zhaozengqing/github/AI/test/高新医疗/db_backend.py", line 341, in connect
    pg_conn = pool.getconn()
              ^^^^^^^^^^^^^^
  File "/Users/zhaozengqing/github/AI/test/高新医疗/venv/lib/python3.11/site-packages/psycopg2/pool.py", line 169, in getconn
    return self._getconn(key)
           ^^^^^^^^^^^^^^^^^^
  File "/Users/zhaozengqing/github/AI/test/高新医疗/venv/lib/python3.11/site-packages/psycopg2/pool.py", line 92, in _getconn
    raise PoolError("connection pool exhausted")
psycopg2.pool.PoolError: connection pool exhausted

During handling of the above exception, another exception occurred:

Traceback (most recent call last):
  File "/Users/zhaozengqing/github/AI/test/高新医疗/venv/lib/python3.11/site-packages/flask/app.py", line 1511, in wsgi_app
    response = self.full_dispatch_request()
               ^^^^^^^^^^^^^^^^^^^^^^^^^^^^
  File "/Users/zhaozengqing/github/AI/test/高新医疗/venv/lib/python3.11/site-packages/flask/app.py", line 919, in full_dispatch_request
    rv = self.handle_user_exception(e)
         ^^^^^^^^^^^^^^^^^^^^^^^^^^^^^
  File "/Users/zhaozengqing/github/AI/test/高新医疗/venv/lib/python3.11/site-packages/flask_cors/extension.py", line 176, in wrapped_function
    return cors_after_request(app.make_response(f(*args, **kwargs)))
                                                ^^^^^^^^^^^^^^^^^^
  File "/Users/zhaozengqing/github/AI/test/高新医疗/venv/lib/python3.11/site-packages/flask/app.py", line 917, in full_dispatch_request
    rv = self.dispatch_request()
         ^^^^^^^^^^^^^^^^^^^^^^^
  File "/Users/zhaozengqing/github/AI/test/高新医疗/venv/lib/python3.11/site-packages/flask/app.py", line 902, in dispatch_request
    return self.ensure_sync(self.view_functions[rule.endpoint])(**view_args)  # type: ignore[no-any-return]
           ^^^^^^^^^^^^^^^^^^^^^^^^^^^^^^^^^^^^^^^^^^^^^^^^^^^^^^^^^^^^^^^^^
  File "/Users/zhaozengqing/github/AI/test/高新医疗/udid_server.py", line 773, in search
    auth_error = _require_login()
                 ^^^^^^^^^^^^^^^^
  File "/Users/zhaozengqing/github/AI/test/高新医疗/udid_server.py", line 389, in _require_login
    user = _get_current_user()
           ^^^^^^^^^^^^^^^^^^^
  File "/Users/zhaozengqing/github/AI/test/高新医疗/udid_server.py", line 369, in _get_current_user
    cursor = data_lake.conn.cursor()
             ^^^^^^^^^^^^^^
  File "/Users/zhaozengqing/github/AI/test/高新医疗/udid_hybrid_system.py", line 30, in conn
    conn = db_connect(self.db_path, check_same_thread=False, timeout=10)
           ^^^^^^^^^^^^^^^^^^^^^^^^^^^^^^^^^^^^^^^^^^^^^^^^^^^^^^^^^^^^^
  File "/Users/zhaozengqing/github/AI/test/高新医疗/db_backend.py", line 345, in connect
    raise RuntimeError(f"连接 PostgreSQL 失败: {e}")
RuntimeError: 连接 PostgreSQL 失败: connection pool exhausted
127.0.0.1 - - [02/Mar/2026 11:21:53] "GET /api/search?keyword=一次性注射器&page=1&page_size=10 HTTP/1.1" 200 -
127.0.0.1 - - [02/Mar/2026 11:21:53] "GET /api/search?keyword=一次性注射器&page=1&page_size=10 HTTP/1.1" 200 -
127.0.0.1 - - [02/Mar/2026 11:21:53] "GET /api/search?keyword=一次性注射器&page=1&page_size=10 HTTP/1.1" 200 -
127.0.0.1 - - [02/Mar/2026 11:21:53] "[35m[1mGET /api/search?keyword=一次性注射器&page=1&page_size=10 HTTP/1.1[0m" 500 -
[2026-03-02 11:21:53,701] ERROR in app: Exception on /api/search [GET]
Traceback (most recent call last):
  File "/Users/zhaozengqing/github/AI/test/高新医疗/db_backend.py", line 341, in connect
    pg_conn = pool.getconn()
              ^^^^^^^^^^^^^^
  File "/Users/zhaozengqing/github/AI/test/高新医疗/venv/lib/python3.11/site-packages/psycopg2/pool.py", line 169, in getconn
    return self._getconn(key)
           ^^^^^^^^^^^^^^^^^^
  File "/Users/zhaozengqing/github/AI/test/高新医疗/venv/lib/python3.11/site-packages/psycopg2/pool.py", line 92, in _getconn
    raise PoolError("connection pool exhausted")
psycopg2.pool.PoolError: connection pool exhausted

During handling of the above exception, another exception occurred:

Traceback (most recent call last):
  File "/Users/zhaozengqing/github/AI/test/高新医疗/venv/lib/python3.11/site-packages/flask/app.py", line 1511, in wsgi_app
    response = self.full_dispatch_request()
               ^^^^^^^^^^^^^^^^^^^^^^^^^^^^
  File "/Users/zhaozengqing/github/AI/test/高新医疗/venv/lib/python3.11/site-packages/flask/app.py", line 919, in full_dispatch_request
    rv = self.handle_user_exception(e)
         ^^^^^^^^^^^^^^^^^^^^^^^^^^^^^
  File "/Users/zhaozengqing/github/AI/test/高新医疗/venv/lib/python3.11/site-packages/flask_cors/extension.py", line 176, in wrapped_function
    return cors_after_request(app.make_response(f(*args, **kwargs)))
                                                ^^^^^^^^^^^^^^^^^^
  File "/Users/zhaozengqing/github/AI/test/高新医疗/venv/lib/python3.11/site-packages/flask/app.py", line 917, in full_dispatch_request
    rv = self.dispatch_request()
         ^^^^^^^^^^^^^^^^^^^^^^^
  File "/Users/zhaozengqing/github/AI/test/高新医疗/venv/lib/python3.11/site-packages/flask/app.py", line 902, in dispatch_request
    return self.ensure_sync(self.view_functions[rule.endpoint])(**view_args)  # type: ignore[no-any-return]
           ^^^^^^^^^^^^^^^^^^^^^^^^^^^^^^^^^^^^^^^^^^^^^^^^^^^^^^^^^^^^^^^^^
  File "/Users/zhaozengqing/github/AI/test/高新医疗/udid_server.py", line 773, in search
    auth_error = _require_login()
                 ^^^^^^^^^^^^^^^^
  File "/Users/zhaozengqing/github/AI/test/高新医疗/udid_server.py", line 389, in _require_login
    user = _get_current_user()
           ^^^^^^^^^^^^^^^^^^^
  File "/Users/zhaozengqing/github/AI/test/高新医疗/udid_server.py", line 369, in _get_current_user
    cursor = data_lake.conn.cursor()
             ^^^^^^^^^^^^^^
  File "/Users/zhaozengqing/github/AI/test/高新医疗/udid_hybrid_system.py", line 30, in conn
    conn = db_connect(self.db_path, check_same_thread=False, timeout=10)
           ^^^^^^^^^^^^^^^^^^^^^^^^^^^^^^^^^^^^^^^^^^^^^^^^^^^^^^^^^^^^^
  File "/Users/zhaozengqing/github/AI/test/高新医疗/db_backend.py", line 345, in connect
    raise RuntimeError(f"连接 PostgreSQL 失败: {e}")
RuntimeError: 连接 PostgreSQL 失败: connection pool exhausted
127.0.0.1 - - [02/Mar/2026 11:21:53] "GET /api/search?keyword=一次性注射器&page=1&page_size=10 HTTP/1.1" 200 -
127.0.0.1 - - [02/Mar/2026 11:21:53] "[35m[1mGET /api/search?keyword=一次性注射器&page=1&page_size=10 HTTP/1.1[0m" 500 -
127.0.0.1 - - [02/Mar/2026 11:21:53] "[35m[1mGET /api/search?keyword=一次性注射器&page=1&page_size=10 HTTP/1.1[0m" 500 -
127.0.0.1 - - [02/Mar/2026 11:21:53] "[35m[1mGET /api/search?keyword=一次性注射器&page=1&page_size=10 HTTP/1.1[0m" 500 -
