[2026-01-28 15:08:39] [INFO] 
[2026-01-28 15:08:39] [INFO] ============================================================
[2026-01-28 15:08:39] [INFO] UDID 自动同步服务启动
[2026-01-28 15:08:39] [INFO] ============================================================
[2026-01-28 15:08:39] [INFO] ============================================================
[2026-01-28 15:08:39] [INFO] 开始数据同步
[2026-01-28 15:08:39] [INFO] ============================================================
[2026-01-28 15:09:18] [ERROR] ✗ 同步失败: RSS 获取失败: HTTPSConnectionPool(host='udi.nmpa.gov.cn', port=443): Max retries exceeded with url: /rss/download.html?files=daily (Caused by SSLError(SSLEOFError(8, '[SSL: UNEXPECTED_EOF_WHILE_READING] EOF occurred in violation of protocol (_ssl.c:1028)')))
[2026-01-28 15:09:18] [INFO] 没有待处理的向量
[2026-01-28 15:09:18] [INFO] ============================================================
[2026-01-28 15:09:18] [INFO] 自动同步服务结束
[2026-01-28 15:09:18] [INFO] ============================================================
[2026-03-02 15:04:54] [INFO] ============================================================
[2026-03-02 15:04:54] [INFO] 开始批量向量同步（Batch API）
[2026-03-02 15:04:54] [INFO] ============================================================
[2026-03-02 15:04:54] [INFO] 待处理数量较少(1)，切换到快速模式
[2026-03-02 15:04:54] [INFO] ============================================================
[2026-03-02 15:04:54] [INFO] 开始快速向量同步（实时API）
[2026-03-02 15:04:54] [INFO] ============================================================
[2026-03-02 15:04:54] [ERROR] ✗ 向量同步失败
[2026-03-02 15:06:49] [INFO] ============================================================
[2026-03-02 15:06:49] [INFO] 开始批量向量同步（Batch API）
[2026-03-02 15:06:49] [INFO] ============================================================
[2026-03-02 15:06:49] [WARNING] API未配置，跳过向量生成
[2026-03-02 15:30:16] [INFO] ============================================================
[2026-03-02 15:30:16] [INFO] 开始批量向量同步（Batch API）
[2026-03-02 15:30:16] [INFO] ============================================================
[2026-03-02 15:30:21] [WARNING] 队列为空，但检测到 719201 条缺失向量。请先补齐迁移数据或执行 /api/embedding/build。
